Removed Pin From Net: NetName=D3 Pin=U1-1
Removed Pin From Net: NetName=3.3V Pin=U1-4
Removed Pin From Net: NetName=3.3V Pin=U1-6
Removed Pin From Net: NetName=NET-X1 Pin=U1-7
Removed Pin From Net: NetName=NET-X2 Pin=U1-8
Removed Pin From Net: NetName=MOSI Pin=U1-15
Removed Pin From Net: NetName=MISO Pin=U1-16
Removed Pin From Net: NetName=SCK Pin=U1-17
Removed Pin From Net: NetName=A1 Pin=U1-24
Removed Pin From Net: NetName=3.3V Pin=U1-28
Removed Pin From Net: NetName=PINRESET Pin=U1-29
Removed Pin From Net: NetName=RX Pin=U1-30
Removed Pin From Net: NetName=TX Pin=U1-31
Removed Pin From Net: NetName=D2 Pin=U1-32
Change Component DesignItemId : Designator=U1 Old DesignItemId=ATMEGA328P-AU New DesignItemId=LM35CAZ/NOPB
Change Component Footprint: Designator=U1 Old Footprint=TQFP80P900X900X120-32N New Footprint=Z03A
Change Component Comment : Designator=U1 Old Comment=ATMEGA328P-AU New Comment=LM35CAZ/NOPB
Added Component: Designator=U1(TQFP80P900X900X120-32N)
Added Pin To Net: NetName=3.3V Pin=U1-1
Added Pin To Net: NetName=D3 Pin=U1-1
Added Pin To Net: NetName=3.3V Pin=U1-4
Added Pin To Net: NetName=3.3V Pin=U1-6
Added Pin To Net: NetName=NET-X1 Pin=U1-7
Added Pin To Net: NetName=NET-X2 Pin=U1-8
Added Pin To Net: NetName=MOSI Pin=U1-15
Added Pin To Net: NetName=MISO Pin=U1-16
Added Pin To Net: NetName=SCK Pin=U1-17
Added Pin To Net: NetName=A1 Pin=U1-24
Added Pin To Net: NetName=3.3V Pin=U1-28
Added Pin To Net: NetName=PINRESET Pin=U1-29
Added Pin To Net: NetName=RX Pin=U1-30
Added Pin To Net: NetName=TX Pin=U1-31
Added Pin To Net: NetName=D2 Pin=U1-32
Added Member To Class: ClassName=Atmega328P Member=Component U1 ATMEGA328P-AU
Added Member To Class: ClassName=Temperatura Member=Component U1 LM35CAZ/NOPB
Added Room: Name=Temperatura
