Removed Pin From Net: NetName=3.3V Pin=C6-2
Removed Pin From Net: NetName=3.3V Pin=CONN1-4
Removed Pin From Net: NetName=3.3V Pin=E1-12
Removed Pin From Net: NetName=3.3V Pin=R4-2
Removed Pin From Net: NetName=3.3V Pin=U2-1
Added Pin To Net: NetName=GND Pin=U1-3
Added Pin To Net: NetName=GND Pin=U1-5
Added Pin To Net: NetName=GND Pin=U1-21
Added Pin To Net: NetName=A0 Pin=U1-23
Added Net: Name=A0
Added Pin To Net: NetName=A2 Pin=U1-25
Added Net: Name=A2
Added Pin To Net: NetName=A3 Pin=U1-26
Added Net: Name=A3
Added Pin To Net: NetName=A4 Pin=U1-27
Added Net: Name=A4
Added Pin To Net: NetName=D4 Pin=C6-2
Added Pin To Net: NetName=D4 Pin=CONN1-4
Added Pin To Net: NetName=D4 Pin=E1-12
Added Pin To Net: NetName=D4 Pin=U1-2
Added Net: Name=D4
Added Pin To Net: NetName=D5 Pin=U1-9
Added Net: Name=D5
Added Pin To Net: NetName=D6 Pin=U1-10
Added Net: Name=D6
Added Pin To Net: NetName=D7 Pin=U1-11
Added Net: Name=D7
Added Pin To Net: NetName=VCC-DS18B21 Pin=R4-2
Added Pin To Net: NetName=VCC-DS18B21 Pin=U2-1
Added Net: Name=VCC-DS18B21
