Added Component: Designator=C1(C1206-1.00)
Added Component: Designator=C2(C1206-1.00)
Added Component: Designator=C3(C1206-1.00)
Added Component: Designator=C4(C1206-1.25)
Added Component: Designator=C5(C1206-1.25)
Added Component: Designator=P1(HDR2X3)
Added Component: Designator=PB1(Tack Switch 6x6 1mm TH)
Added Component: Designator=R1(R1206-0.55)
Added Component: Designator=R2(R1206-0.55)
Added Component: Designator=U1(TQFP80P900X900X120-32N)
Added Component: Designator=U?(Z03A)
Added Component: Designator=U?(ADI-CP-16-5a_N)
Added Component: Designator=X1(2-SMD)
Added Pin To Net: NetName=NetC1_1 Pin=C1-1
Added Pin To Net: NetName=NetC2_1 Pin=C2-1
Added Pin To Net: NetName=GND Pin=C2-2
Added Pin To Net: NetName=NetC3_1 Pin=C3-1
Added Pin To Net: NetName=GND Pin=C3-2
Added Pin To Net: NetName=GND Pin=C4-1
Added Pin To Net: NetName=NET-X1 Pin=C4-2
Added Pin To Net: NetName=GND Pin=C5-1
Added Pin To Net: NetName=NET-X2 Pin=C5-2
Added Pin To Net: NetName=MISO Pin=P1-1
Added Pin To Net: NetName=5V Pin=P1-2
Added Pin To Net: NetName=SCK Pin=P1-3
Added Pin To Net: NetName=MOSI Pin=P1-4
Added Pin To Net: NetName=RST_PROG Pin=P1-5
Added Pin To Net: NetName=GND Pin=P1-6
Added Pin To Net: NetName=RST_PROG Pin=PB1-1
Added Pin To Net: NetName=RST_PROG Pin=PB1-1
Added Pin To Net: NetName=GND Pin=PB1-2
Added Pin To Net: NetName=GND Pin=PB1-2
Added Pin To Net: NetName=5V Pin=R1-1
Added Pin To Net: NetName=RST_PROG Pin=R1-2
Added Pin To Net: NetName=PINRESET Pin=R2-1
Added Pin To Net: NetName=RST_PROG Pin=R2-2
Added Pin To Net: NetName=3.3V Pin=U1-4
Added Pin To Net: NetName=3.3V Pin=U1-6
Added Pin To Net: NetName=NET-X1 Pin=U1-7
Added Pin To Net: NetName=NET-X2 Pin=U1-8
Added Pin To Net: NetName=MOSI Pin=U1-15
Added Pin To Net: NetName=MISO Pin=U1-16
Added Pin To Net: NetName=SCK Pin=U1-17
Added Pin To Net: NetName=A1 Pin=U1-24
Added Pin To Net: NetName=3.3V Pin=U1-28
Added Pin To Net: NetName=PINRESET Pin=U1-29
Added Pin To Net: NetName=3.3V Pin=U?-1
Added Pin To Net: NetName=A1 Pin=U?-2
Added Pin To Net: NetName=GND Pin=U?-3
Added Pin To Net: NetName=GND Pin=U?-3
Added Pin To Net: NetName=GND Pin=U?-5
Added Pin To Net: NetName=GND Pin=U?-6
Added Pin To Net: NetName=GND Pin=U?-7
Added Pin To Net: NetName=NetC1_1 Pin=U?-8
Added Pin To Net: NetName=NetC2_1 Pin=U?-10
Added Pin To Net: NetName=NetC3_1 Pin=U?-12
Added Pin To Net: NetName=3.3V Pin=U?-14
Added Pin To Net: NetName=3.3V Pin=U?-15
Added Pin To Net: NetName=NET-X2 Pin=X1-1
Added Pin To Net: NetName=NET-X1 Pin=X1-2
Added Class: Name=BLE-HM10
Added Member To Class: ClassName=SensorCaida Member=Component C1 C
Added Member To Class: ClassName=SensorCaida Member=Component C2 C
Added Member To Class: ClassName=SensorCaida Member=Component C3 C
Added Member To Class: ClassName=Atmega328P Member=Component C4 C1
Added Member To Class: ClassName=Atmega328P Member=Component C5 C2
Added Member To Class: ClassName=Atmega328P Member=Component P1 Header 3X2
Added Member To Class: ClassName=Atmega328P Member=Component PB1 Push Button
Added Member To Class: ClassName=Atmega328P Member=Component R1 R
Added Member To Class: ClassName=Atmega328P Member=Component R2 R
Added Member To Class: ClassName=Atmega328P Member=Component U1 ATMEGA328P-AU
Added Member To Class: ClassName=SensorCaida Member=Component U? ADXL325BCPZ-RL
Added Member To Class: ClassName=Temperatura Member=Component U? LM35CAZ/NOPB
Added Member To Class: ClassName=Atmega328P Member=Component X1 XTAL
Added Room: Name=Atmega328P
Added Room: Name=BLE-HM10
Added Room: Name=SensorCaida
Added Room: Name=Temperatura
