Change Physical Footprint: Designator=C1 Old Footprint=C1206-1.00 New Footprint=C1206-1.00
Change Physical Footprint: Designator=C2 Old Footprint=C1206-1.00 New Footprint=C1206-1.00
Change Physical Footprint: Designator=C3 Old Footprint=C1206-1.00 New Footprint=C1206-1.00
Change Physical Footprint: Designator=C4 Old Footprint=C1206-1.25 New Footprint=C1206-1.25
Change Physical Footprint: Designator=C5 Old Footprint=C1206-1.25 New Footprint=C1206-1.25
Change Physical Footprint: Designator=C6 Old Footprint=C1206-1.25 New Footprint=C1206-1.25
Change Physical Footprint: Designator=CONN1 Old Footprint=1x4x2.54 Pin Header TH V New Footprint=1x4x2.54 Pin Header TH V
Change Physical Footprint: Designator=CONN2 Old Footprint=1x3x2.54 Pin Header TH V New Footprint=1x3x2.54 Pin Header TH V
Change Physical Footprint: Designator=CONN3 Old Footprint=1x5x2.54 Pin Header TH V New Footprint=1x5x2.54 Pin Header TH V
Change Physical Footprint: Designator=CONN4 Old Footprint=1x1x2.54 Pin Header TH V New Footprint=1x1x2.54 Pin Header TH V
Change Physical Footprint: Designator=E1 Old Footprint=26.9X13X2.2_BOARD New Footprint=26.9X13X2.2_BOARD
Change Physical Footprint: Designator=LED1 Old Footprint=SMT1206-LED New Footprint=SMT1206-LED
Change Physical Footprint: Designator=P1 Old Footprint=HDR2X3 New Footprint=HDR2X3
Change Physical Footprint: Designator=PB1 Old Footprint=Tack Switch 6x6 1mm TH New Footprint=Tack Switch 6x6 1mm TH
Change Physical Footprint: Designator=R1 Old Footprint=R1206-0.55 New Footprint=R1206-0.55
Change Physical Footprint: Designator=R2 Old Footprint=R1206-0.55 New Footprint=R1206-0.55
Change Physical Footprint: Designator=R3 Old Footprint=R1206-0.55 New Footprint=R1206-0.55
Change Physical Footprint: Designator=R4 Old Footprint=R1206-0.55 New Footprint=R1206-0.55
Change Physical Footprint: Designator=U1 Old Footprint=TQFP80P900X900X120-32N New Footprint=TQFP80P900X900X120-32N
Change Physical Footprint: Designator=U2 Old Footprint=Z03A New Footprint=Z03A
Change Physical Footprint: Designator=U3 Old Footprint=*LFCSP-16 New Footprint=*LFCSP-16
Change Physical Footprint: Designator=X1 Old Footprint=2-SMD New Footprint=2-SMD
