Removed Pin From Net: NetName=D3 Pin=U1-1
Removed Pin From Net: NetName=3.3V Pin=U1-4
Removed Pin From Net: NetName=3.3V Pin=U1-6
Removed Pin From Net: NetName=NET-X1 Pin=U1-7
Removed Pin From Net: NetName=NET-X2 Pin=U1-8
Removed Pin From Net: NetName=MOSI Pin=U1-15
Removed Pin From Net: NetName=MISO Pin=U1-16
Removed Pin From Net: NetName=SCK Pin=U1-17
Removed Pin From Net: NetName=A1 Pin=U1-24
Removed Pin From Net: NetName=3.3V Pin=U1-28
Removed Pin From Net: NetName=PINRESET Pin=U1-29
Removed Pin From Net: NetName=RX Pin=U1-30
Removed Pin From Net: NetName=TX Pin=U1-31
Removed Pin From Net: NetName=D2 Pin=U1-32
Change Component DesignItemId : Designator=U1 Old DesignItemId=ATMEGA328P-AU New DesignItemId=LM35CAZ/NOPB
Change Component Footprint: Designator=U1 Old Footprint=TQFP80P900X900X120-32N New Footprint=Z03A
Change Component Comment : Designator=U1 Old Comment=ATMEGA328P-AU New Comment=LM35CAZ/NOPB
Added Component: Designator=U1(TQFP80P900X900X120-32N)
Added Component: Designator=U?(ADI-CP-16-5a_N)
Added Pin To Net: NetName=3.3V Pin=U1-1
Added Pin To Net: NetName=D3 Pin=U1-1
Added Pin To Net: NetName=A1 Pin=U1-2
Added Pin To Net: NetName=GND Pin=U1-3
Added Pin To Net: NetName=3.3V Pin=U1-4
Added Pin To Net: NetName=3.3V Pin=U1-6
Added Pin To Net: NetName=NET-X1 Pin=U1-7
Added Pin To Net: NetName=NET-X2 Pin=U1-8
Added Pin To Net: NetName=MOSI Pin=U1-15
Added Pin To Net: NetName=MISO Pin=U1-16
Added Pin To Net: NetName=SCK Pin=U1-17
Added Pin To Net: NetName=A1 Pin=U1-24
Added Pin To Net: NetName=3.3V Pin=U1-28
Added Pin To Net: NetName=PINRESET Pin=U1-29
Added Pin To Net: NetName=RX Pin=U1-30
Added Pin To Net: NetName=TX Pin=U1-31
Added Pin To Net: NetName=D2 Pin=U1-32
Added Pin To Net: NetName=GND Pin=U?-3
Added Pin To Net: NetName=GND Pin=U?-5
Added Pin To Net: NetName=GND Pin=U?-6
Added Pin To Net: NetName=GND Pin=U?-7
Added Pin To Net: NetName=NetC1_1 Pin=U?-8
Added Pin To Net: NetName=NetC2_1 Pin=U?-10
Added Pin To Net: NetName=NetC3_1 Pin=U?-12
Added Pin To Net: NetName=3.3V Pin=U?-14
Added Pin To Net: NetName=3.3V Pin=U?-15
Added Member To Class: ClassName=Temperatura Member=Component U1 LM35CAZ/NOPB
Added Member To Class: ClassName=SensorCaida Member=Component U? ADXL325BCPZ-RL
Added Room: Name=Temperatura
