Removed Pin From Net: NetName=GND Pin=C6-1
Removed Pin From Net: NetName=A1 Pin=C6-2
Removed Pin From Net: NetName=D4 Pin=E1-1
Removed Pin From Net: NetName=D3 Pin=E1-2
Removed Pin From Net: NetName=A1 Pin=E1-12
Removed Pin From Net: NetName=GND Pin=E1-13
Removed Pin From Net: NetName=GND Pin=E1-14
Removed Pin From Net: NetName=GND Pin=E1-21
Removed Pin From Net: NetName=GND Pin=E1-22
Removed Pin From Net: NetName=RST_PROG Pin=E1-23
Removed Pin From Net: NetName=GND Pin=LED1-2
Removed Member From Class: ClassName=BLE-HM10 Member=C6
Removed Member From Class: ClassName=BLE-HM10 Member=E1
Removed Member From Class: ClassName=BLE-HM10 Member=LED1
Removed Member From Class: ClassName=BLE-HM10 Member=R3
Change Component Description : Designator=CONN7 Old Description= New Description=Con Batery
Change Component Description : Designator=CONN5 Old Description= New Description=Con PPM
Change Component Description : Designator=CONN1 Old Description= New Description=Header
Change Component Description : Designator=CONN2 Old Description= New Description=Rx / Tx
Change Component Description : Designator=CONN6 Old Description= New Description=Sen Batery
Change component parameters: Designator = "C1"; Footprint = "C1206-1.00"; UniqueID = "\UHISOMQF"
Change component parameters. Clean all parameters for all variants
Change component parameters (AddParameter): Name = "Value"; Value = "0.1uF"; VariantName = "[No Variations]"
Change component parameters: Designator = "C2"; Footprint = "C1206-1.00"; UniqueID = "\EFDJDYCI"
Change component parameters. Clean all parameters for all variants
Change component parameters (AddParameter): Name = "Value"; Value = "0.1uF"; VariantName = "[No Variations]"
Change component parameters: Designator = "C3"; Footprint = "C1206-1.00"; UniqueID = "\XWYYKNIX"
Change component parameters. Clean all parameters for all variants
Change component parameters (AddParameter): Name = "Value"; Value = "0.1uF"; VariantName = "[No Variations]"
Change component parameters: Designator = "C4"; Footprint = "C1206-1.25"; UniqueID = "\WCCSTFPA"
Change component parameters. Clean all parameters for all variants
Change component parameters (AddParameter): Name = "Value"; Value = "22pF"; VariantName = "[No Variations]"
Change component parameters: Designator = "C5"; Footprint = "C1206-1.25"; UniqueID = "\EEFXKKAL"
Change component parameters. Clean all parameters for all variants
Change component parameters (AddParameter): Name = "Value"; Value = "22pF"; VariantName = "[No Variations]"
Change component parameters: Designator = "C7"; Footprint = "C1206-1.25"; UniqueID = "\SBJVVSJE"
Change component parameters. Clean all parameters for all variants
Change component parameters (AddParameter): Name = "Value"; Value = "0.1uF"; VariantName = "[No Variations]"
Change component parameters: Designator = "R1"; Footprint = "R1206-0.55"; UniqueID = "\KNNHGHJJ"
Change component parameters. Clean all parameters for all variants
Change component parameters (AddParameter): Name = "Value"; Value = "1K"; VariantName = "[No Variations]"
Change component parameters: Designator = "R2"; Footprint = "R1206-0.55"; UniqueID = "\NFRUIYBN"
Change component parameters. Clean all parameters for all variants
Change component parameters (AddParameter): Name = "Value"; Value = "330"; VariantName = "[No Variations]"
Change component parameters: Designator = "R4"; Footprint = "R1206-0.55"; UniqueID = "\TLVFRRRU"
Change component parameters. Clean all parameters for all variants
Change component parameters (AddParameter): Name = "Value"; Value = "4.7K"; VariantName = "[No Variations]"
Change component parameters: Designator = "R5"; Footprint = "R1206-0.55"; UniqueID = "\CXUFHWXY"
Change component parameters. Clean all parameters for all variants
Change component parameters (AddParameter): Name = "Value"; Value = "10K"; VariantName = "[No Variations]"
Change component parameters: Designator = "R6"; Footprint = "R1206-0.55"; UniqueID = "\TWBDQFBV"
Change component parameters. Clean all parameters for all variants
Change component parameters (AddParameter): Name = "Value"; Value = "100"; VariantName = "[No Variations]"
Change component parameters: Designator = "R7"; Footprint = "R1206-0.55"; UniqueID = "\LHFWAKBN"
Change component parameters. Clean all parameters for all variants
Change component parameters (AddParameter): Name = "Value"; Value = "2K"; VariantName = "[No Variations]"
Change component parameters: Designator = "R8"; Footprint = "R1206-0.55"; UniqueID = "\TJLPBNYO"
Change component parameters. Clean all parameters for all variants
Change component parameters (AddParameter): Name = "Value"; Value = "800"; VariantName = "[No Variations]"
Change component parameters: Designator = "X1"; Footprint = "2-SMD"; UniqueID = "\KGLLKXLE"
Change component parameters. Clean all parameters for all variants
Change component parameters (AddParameter): Name = "Value"; Value = "16MHz"; VariantName = "[No Variations]"
Change component parameters: Designator = "P1"; Footprint = "HDR2X3"; UniqueID = "\XDRMMPBT"
Change component parameters. Clean all parameters for all variants
Change component parameters (AddParameter): Name = "LatestRevisionDate"; Value = "17-Jul-2002"; VariantName = "[No Variations]"
Change component parameters (AddParameter): Name = "LatestRevisionNote"; Value = "Re-released for DXP Platform."; VariantName = "[No Variations]"
Change component parameters (AddParameter): Name = "Publisher"; Value = "Altium Limited"; VariantName = "[No Variations]"
Change component parameters: Designator = "U1"; Footprint = "TQFP80P900X900X120-32N"; UniqueID = "\BXDOWDXQ"
Change component parameters. Clean all parameters for all variants
Change component parameters (AddParameter): Name = "Company"; Value = "Gueni"; VariantName = "[No Variations]"
Change component parameters (AddParameter): Name = "Created By"; Value = "Mohamed Gueni"; VariantName = "[No Variations]"
Change component parameters (AddParameter): Name = "Datasheet URL"; Value = "https://docs-emea.rs-online.com/webdocs/15b8/0900766b815b8e7b.pdf"; VariantName = "[No Variations]"
Change component parameters (AddParameter): Name = "Date"; Value = "20 October 2018"; VariantName = "[No Variations]"
Change component parameters (AddParameter): Name = "RS Stock No"; Value = "131-0271"; VariantName = "[No Variations]"
Change component parameters: Designator = "U4"; Footprint = "*ONS_QRD1114"; UniqueID = "\QNLBPQWP"
Change component parameters. Clean all parameters for all variants
Change component parameters (AddParameter): Name = "Digi-Key_Part_Number"; Value = "QRD1114-ND"; VariantName = "[No Variations]"
Change component parameters (AddParameter): Name = "Digi-Key_Purchase_URL"; Value = "https://www.digikey.com/product-detail/en/on-semiconductor/QRD1114/QRD1114-ND/187536?utm_source=snapeda&utm_medium=aggregator&utm_campaign=symbol"; VariantName = "[No Variations]"
Change component parameters (AddParameter): Name = "MF"; Value = "ON Semiconductor"; VariantName = "[No Variations]"
Change component parameters (AddParameter): Name = "MP"; Value = "QRD1114"; VariantName = "[No Variations]"
Change component parameters (AddParameter): Name = "Package"; Value = "Radial-4 ON Semiconductor"; VariantName = "[No Variations]"
Change component parameters (AddParameter): Name = "SnapEDA_Link"; Value = "https://www.snapeda.com/parts/QRD1114/ON%20Semiconductor/view-part/2706462/?ref=snap"; VariantName = "[No Variations]"
Change component parameters (AddParameter): Name = "Value"; Value = ""; VariantName = "[No Variations]"
Change component parameters: Designator = "U3"; Footprint = "*LFCSP-16"; UniqueID = "\TBTCDUUM"
Change component parameters. Clean all parameters for all variants
Change component parameters (AddParameter): Name = "Availability"; Value = "Unavailable"; VariantName = "[No Variations]"
Change component parameters (AddParameter): Name = "MF"; Value = "Analog Devices"; VariantName = "[No Variations]"
Change component parameters (AddParameter): Name = "MP"; Value = "ADXL335"; VariantName = "[No Variations]"
Change component parameters (AddParameter): Name = "Package"; Value = "LFCSP-16 Analog Devices"; VariantName = "[No Variations]"
Change component parameters (AddParameter): Name = "Price"; Value = "None"; VariantName = "[No Variations]"
Change component parameters (AddParameter): Name = "SnapEDA_Link"; Value = "https://www.snapeda.com/parts/ADXL335/Analog%20Devices%20Inc./view-part/3215445/?ref=snap"; VariantName = "[No Variations]"
Change component parameters (AddParameter): Name = "URL"; Value = "https://www.snapeda.com/home/"; VariantName = "[No Variations]"
Change component parameters (AddParameter): Name = "Value"; Value = ""; VariantName = "[No Variations]"
Change component parameters: Designator = "U2"; Footprint = "Z03A"; UniqueID = "\WPIQWTUO"
Change component parameters. Clean all parameters for all variants
Change component parameters (AddParameter): Name = "Code_JEDEC"; Value = "TO-226-AA"; VariantName = "[No Variations]"
Change component parameters (AddParameter): Name = "ComponentLink1Description"; Value = "LM35 Datasheet"; VariantName = "[No Variations]"
Change component parameters (AddParameter): Name = "ComponentLink1URL"; Value = "http://www.national.com/ds/LM/LM35.pdf"; VariantName = "[No Variations]"
Change component parameters (AddParameter): Name = "ComponentLink2Description"; Value = "LM35 Web Page"; VariantName = "[No Variations]"
Change component parameters (AddParameter): Name = "ComponentLink2URL"; Value = "http://www.national.com/pf/LM/LM35.html"; VariantName = "[No Variations]"
Change component parameters (AddParameter): Name = "ComponentLink3Description"; Value = "Z03A Package Page"; VariantName = "[No Variations]"
Change component parameters (AddParameter): Name = "ComponentLink3URL"; Value = "http://www.national.com/packaging/folders/z03a.html"; VariantName = "[No Variations]"
Change component parameters (AddParameter): Name = "CompType"; Value = "Temp Sensor IC"; VariantName = "[No Variations]"
Change component parameters (AddParameter): Name = "DatasheetVersion"; Value = "Nov-2000"; VariantName = "[No Variations]"
Change component parameters (AddParameter): Name = "Manufacturer"; Value = "National Semiconductor"; VariantName = "[No Variations]"
Change component parameters (AddParameter): Name = "PackageDescription"; Value = "TO-92, Molded, 3 Lead"; VariantName = "[No Variations]"
Change component parameters (AddParameter): Name = "PackageReference"; Value = "Z03A"; VariantName = "[No Variations]"
Change component parameters (AddParameter): Name = "PackageTopMarking"; Value = "NSXYTT*LM35*CAZ"; VariantName = "[No Variations]"
Change component parameters (AddParameter): Name = "PackageVersion"; Value = "revG, Sep-2000"; VariantName = "[No Variations]"
Change component parameters (AddParameter): Name = "PartNumber"; Value = "LM35CAZ/NOPB"; VariantName = "[No Variations]"
Change component parameters (AddParameter): Name = "PinCount"; Value = "3"; VariantName = "[No Variations]"
Change component parameters (AddParameter): Name = "PowerWise"; Value = "N"; VariantName = "[No Variations]"
Change component parameters (AddParameter): Name = "Published"; Value = "1-Mar-2010"; VariantName = "[No Variations]"
Change component parameters (AddParameter): Name = "Publisher"; Value = "Altium Limited"; VariantName = "[No Variations]"
Change component parameters (AddParameter): Name = "RoHS"; Value = "Y"; VariantName = "[No Variations]"
Change component parameters (AddParameter): Name = "Supplier 1"; Value = "Digi-Key"; VariantName = "[No Variations]"
Change component parameters (AddParameter): Name = "Supplier 2"; Value = "Farnell"; VariantName = "[No Variations]"
Change component parameters (AddParameter): Name = "Supplier Part Number 1"; Value = "LM35CAZ-ND"; VariantName = "[No Variations]"
Change component parameters (AddParameter): Name = "Supplier Part Number 2"; Value = "1469232"; VariantName = "[No Variations]"
Added Room: Name=Atmega328P
Added Room: Name=BLE-HM10
Added Room: Name=CargaInalambrica
Added Room: Name=PPM
Added Room: Name=Proximidad
Added Room: Name=SensorCaida
Added Room: Name=Temperatura
