Removed Pin From Net: NetName=D2 Pin=CONN1-3
Removed Pin From Net: NetName=D2 Pin=E1-1
Removed Pin From Net: NetName=D4 Pin=U1-2
Removed Pin From Net: NetName=3.3V Pin=U1-28
Added Component: Designator=CONN?(1x3x2.54 Pin Header TH V)
Added Component: Designator=R7(R1206-0.55)
Added Component: Designator=R8(R1206-0.55)
Added Pin To Net: NetName=3.3V Pin=R7-2
Added Pin To Net: NetName=GND Pin=R8-1
Added Pin To Net: NetName=D4 Pin=U1-24
Change Net Name : Old Net Name=D4 New Net Name=A1
Change Net Name : Old Net Name=MISO New Net Name=D12
Change Net Name : Old Net Name=MOSI New Net Name=D11
Change Net Name : Old Net Name=SCK New Net Name=D13
Added Pin To Net: NetName=A5 Pin=R7-1
Added Pin To Net: NetName=A5 Pin=R8-2
Added Pin To Net: NetName=A5 Pin=U1-28
Added Net: Name=A5
Added Pin To Net: NetName=D4 Pin=CONN1-3
Added Pin To Net: NetName=D4 Pin=E1-1
Added Pin To Net: NetName=D4 Pin=U1-2
Added Net: Name=D4
Added Class: Name=PPM
Added Member To Class: ClassName=Atmega328P Member=Component R7 R
Added Member To Class: ClassName=Atmega328P Member=Component R8 R
Added Room: Name=PPM
