PCAD Importer Log
Project : ADXL335.LibPkg

Section : C:\Users\williamrodriguez\Documents\Altium\Hospital-Smart-Bracelet\Libraries\ADXL335\ADXL335.lia
    Section : PCB Library - ADXL335.PcbLib
        Section : Load Messages
            Warning - 1 : Skipping Token isVisible On Line 126
            Warning - 1 : Skipping Token isVisible On Line 127
            Warning - 1 : Skipping Token isVisible On Line 128
            Warning - 1 : Skipping Token isVisible On Line 141
            Warning - 1 : Skipping Token isVisible On Line 142
            Warning - 1 : Skipping Token isVisible On Line 143
            Warning - 1 : Skipping Token ADXL335 On Line 163
            Warning - 1 : Skipping Token attachedSymbol On Line 290
        EndSection

        Section : Import Messages
        EndSection
    EndSection

    Section : SCH Library - ADXL335.SchLib
        Section : Parsing Messages
            Warning - 1 : Skipping Token padStyleDef On Line 9
            Warning - 1 : Skipping Token padStyleDef On Line 21
            Warning - 1 : Skipping Token multiLayer On Line 96
            Warning - 1 : Skipping Token layerContents On Line 115
            Warning - 1 : Skipping Token layerContents On Line 130
            Warning - 1 : Skipping Token layerContents On Line 145
            Warning - 1 : Skipping Token layerContents On Line 153
        EndSection

        Section : Generating SCH Library - ADXL335.SchLib
        EndSection
    EndSection
EndSection
