PCAD Importer Log
Project : QRD1114.LibPkg

Section : C:\Users\williamrodriguez\Documents\Altium\Hospital-Smart-Bracelet\Libraries\QRD1114\QRD1114.lia
    Section : PCB Library - QRD1114.PcbLib
        Section : Load Messages
            Warning - 1 : Skipping Token QRD1114 On Line 135
            Warning - 1 : Skipping Token attachedSymbol On Line 239
        EndSection

        Section : Import Messages
        EndSection
    EndSection

    Section : SCH Library - QRD1114.SchLib
        Section : Parsing Messages
            Warning - 1 : Skipping Token padStyleDef On Line 9
            Warning - 1 : Skipping Token padStyleDef On Line 21
            Warning - 1 : Skipping Token multiLayer On Line 96
            Warning - 1 : Skipping Token layerContents On Line 102
            Warning - 1 : Skipping Token layerContents On Line 111
            Warning - 1 : Skipping Token layerContents On Line 120
            Warning - 1 : Skipping Token layerContents On Line 126
        EndSection

        Section : Generating SCH Library - QRD1114.SchLib
        EndSection
    EndSection
EndSection
